=10444 [AWT-EventQueue-0] INFO  com.SOEN6441_DND.Controller.DiceRollController  - Getting Dice Result !!
=0    [main] INFO  com.SOEN6441_DND.Controller.Game  - Singleton pattern - Game initiated !!
=16886 [AWT-EventQueue-0] INFO  com.SOEN6441_DND.Controller.DiceRollController  - Getting Dice Result !!
=16887 [AWT-EventQueue-0] INFO  com.SOEN6441_DND.Controller.DiceRollController  - Getting Dice Result !!
=16887 [AWT-EventQueue-0] INFO  com.SOEN6441_DND.Controller.DiceRollController  - Getting Dice Result !!
=1    [main] INFO  com.SOEN6441_DND.Controller.Game  - Singleton pattern - Game initiated !!
=0    [main] INFO  com.SOEN6441_DND.Controller.Game  - Singleton pattern - Game initiated !!
=9080 [AWT-EventQueue-0] INFO  com.SOEN6441_DND.Controller.DiceRollController  - Getting Dice Result !!
=9080 [AWT-EventQueue-0] INFO  com.SOEN6441_DND.Controller.DiceRollController  - Getting Dice Result !!
=9080 [AWT-EventQueue-0] INFO  com.SOEN6441_DND.Controller.DiceRollController  - Getting Dice Result !!
=0    [main] INFO  com.SOEN6441_DND.Controller.Game  - Singleton pattern - Game initiated !!
=11153 [AWT-EventQueue-0] INFO  com.SOEN6441_DND.Controller.CharacterSceneController  - Dice 4D6 will be rolled.
=0    [main] INFO  com.SOEN6441_DND.Controller.Game  - Singleton pattern - Game initiated !!
=4730 [AWT-EventQueue-0] INFO  com.SOEN6441_DND.Controller.CharacterSceneController  - Dice 4D6 will be rolled.
=0    [main] INFO  com.SOEN6441_DND.Controller.Game  - Singleton pattern - Game initiated !!
=5820 [AWT-EventQueue-0] INFO  com.SOEN6441_DND.Controller.CharacterSceneController  - Dice 4D6 will be rolled.
=0    [main] INFO  com.SOEN6441_DND.Controller.Game  - Singleton pattern - Game initiated !!
=0    [main] INFO  com.SOEN6441_DND.Controller.Game  - Singleton pattern - Game initiated !!
=3380 [AWT-EventQueue-0] INFO  com.SOEN6441_DND.Controller.CharacterSceneController  - Dice 4D6 will be rolled.
=0    [main] INFO  com.SOEN6441_DND.Controller.Game  - Singleton pattern - Game initiated !!
=9139 [AWT-EventQueue-0] INFO  com.SOEN6441_DND.Controller.CharacterSceneController  - Dice 4D6 will be rolled.
=0    [main] INFO  com.SOEN6441_DND.Controller.Game  - Singleton pattern - Game initiated !!
=9431 [AWT-EventQueue-0] INFO  com.SOEN6441_DND.Controller.CharacterSceneController  - Dice 4D6 will be rolled.
=0    [main] INFO  com.SOEN6441_DND.Controller.Game  - Singleton pattern - Game initiated !!
=6653 [AWT-EventQueue-0] INFO  com.SOEN6441_DND.Controller.CharacterSceneController  - Dice 4D6 will be rolled.
=0    [main] INFO  com.SOEN6441_DND.Controller.Game  - Singleton pattern - Game initiated !!
=8479 [AWT-EventQueue-0] INFO  com.SOEN6441_DND.Controller.CharacterSceneController  - Dice 4D6 will be rolled.
=101039 [AWT-EventQueue-0] INFO  com.SOEN6441_DND.Controller.CharacterSceneController  - Dice 4D6 will be rolled.
=0    [main] INFO  com.SOEN6441_DND.Controller.Game  - Singleton pattern - Game initiated !!
=5006 [AWT-EventQueue-0] INFO  com.SOEN6441_DND.Controller.CharacterSceneController  - Dice 4D6 will be rolled.
=0    [main] INFO  com.SOEN6441_DND.Controller.Game  - Singleton pattern - Game initiated !!
=5431 [AWT-EventQueue-0] INFO  com.SOEN6441_DND.Controller.CharacterSceneController  - Dice 4D6 will be rolled.
=0    [main] INFO  com.SOEN6441_DND.Controller.Game  - Singleton pattern - Game initiated !!
=5089 [AWT-EventQueue-0] INFO  com.SOEN6441_DND.Controller.CharacterSceneController  - Dice 4D6 will be rolled.
=0    [main] INFO  com.SOEN6441_DND.Controller.Game  - Singleton pattern - Game initiated !!
=4163 [AWT-EventQueue-0] INFO  com.SOEN6441_DND.Controller.CharacterSceneController  - Dice 4D6 will be rolled.
=0    [main] INFO  com.SOEN6441_DND.Controller.Game  - Singleton pattern - Game initiated !!
=9932 [AWT-EventQueue-0] INFO  com.SOEN6441_DND.Controller.CharacterSceneController  - Dice 4D6 will be rolled.
=0    [main] INFO  com.SOEN6441_DND.Controller.Game  - Singleton pattern - Game initiated !!
=4284 [AWT-EventQueue-0] INFO  com.SOEN6441_DND.Controller.CharacterSceneController  - Dice 4D6 will be rolled.
=0    [main] INFO  com.SOEN6441_DND.Controller.Game  - Singleton pattern - Game initiated !!
=6574 [AWT-EventQueue-0] INFO  com.SOEN6441_DND.Controller.CharacterSceneController  - Dice 4D6 will be rolled.
=0    [main] INFO  com.SOEN6441_DND.Controller.Game  - Singleton pattern - Game initiated !!
=0    [main] INFO  com.SOEN6441_DND.Controller.Game  - Singleton pattern - Game initiated !!
=3758 [AWT-EventQueue-0] INFO  com.SOEN6441_DND.Controller.CharacterSceneController  - Dice 4D6 will be rolled.
=0    [main] INFO  com.SOEN6441_DND.Controller.Game  - Singleton pattern - Game initiated !!
=8254 [AWT-EventQueue-0] INFO  com.SOEN6441_DND.Controller.CharacterSceneController  - Dice 4D6 will be rolled.
=0    [main] INFO  com.SOEN6441_DND.Controller.Game  - Singleton pattern - Game initiated !!
=5389 [AWT-EventQueue-0] INFO  com.SOEN6441_DND.Controller.CharacterSceneController  - Dice 4D6 will be rolled.
=0    [main] INFO  com.SOEN6441_DND.Controller.Game  - Singleton pattern - Game initiated !!
=7198 [AWT-EventQueue-0] INFO  com.SOEN6441_DND.Controller.CharacterSceneController  - Dice 4D6 will be rolled.
=0    [main] INFO  com.SOEN6441_DND.Controller.Game  - Singleton pattern - Game initiated !!
=9848 [AWT-EventQueue-0] INFO  com.SOEN6441_DND.Controller.DiceRollController  - Getting Dice Result !!
=9848 [AWT-EventQueue-0] INFO  com.SOEN6441_DND.Controller.DiceRollController  - Getting Dice Result !!
=9848 [AWT-EventQueue-0] INFO  com.SOEN6441_DND.Controller.DiceRollController  - Getting Dice Result !!
=0    [main] INFO  com.SOEN6441_DND.Controller.Game  - Singleton pattern - Game initiated !!
=7815 [AWT-EventQueue-0] INFO  com.SOEN6441_DND.Controller.DiceRollController  - Getting Dice Result !!
=7815 [AWT-EventQueue-0] INFO  com.SOEN6441_DND.Controller.DiceRollController  - Getting Dice Result !!
=7831 [AWT-EventQueue-0] INFO  com.SOEN6441_DND.Controller.DiceRollController  - Getting Dice Result !!
=0    [main] INFO  com.SOEN6441_DND.Controller.Game  - Singleton pattern - Game initiated !!
=17576 [AWT-EventQueue-0] INFO  com.SOEN6441_DND.Controller.DiceRollController  - Getting Dice Result !!
=17581 [AWT-EventQueue-0] INFO  com.SOEN6441_DND.Controller.DiceRollController  - Getting Dice Result !!
=17582 [AWT-EventQueue-0] INFO  com.SOEN6441_DND.Controller.DiceRollController  - Getting Dice Result !!
